dev/VideoTest/app/build/intermediates/manifest_merge_blame_file/debug/manifest-merger-blame-debug-report.txt
1<?xml version="1.0" encoding="utf-8"?>
2<manifest xmlns:android="http://schemas.android.com/apk/res/android"
3    package="com.knu.videotest"
4    android:versionCode="1"
5    android:versionName="1.0" >
6
7    <uses-sdk
8        android:minSdkVersion="23"
8-->src/main/AndroidManifest.xml
9        android:targetSdkVersion="30" />
9-->src/main/AndroidManifest.xml
10
11    <uses-feature android:name="android.hardware.camera" />
11-->src/main/AndroidManifest.xml:8:5-60
11-->src/main/AndroidManifest.xml:8:19-57
12    <uses-feature android:name="android.hardware.camera.autofocus" />
12-->src/main/AndroidManifest.xml:9:5-70
12-->src/main/AndroidManifest.xml:9:19-67
13    <uses-feature
13-->src/main/AndroidManifest.xml:10:5-78
14        android:glEsVersion="0x00020000"
14-->src/main/AndroidManifest.xml:10:19-51
15        android:required="true" />
15-->src/main/AndroidManifest.xml:10:52-75
16
17    <uses-permission android:name="android.permission.CAMERA" />
17-->src/main/AndroidManifest.xml:12:5-65
17-->src/main/AndroidManifest.xml:12:22-62
18    <uses-permission android:name="android.permission.CHANGE_NETWORK_STATE" />
18-->src/main/AndroidManifest.xml:13:5-79
18-->src/main/AndroidManifest.xml:13:22-76
19    <uses-permission android:name="android.permission.MODIFY_AUDIO_SETTINGS" />
19-->src/main/AndroidManifest.xml:14:5-80
19-->src/main/AndroidManifest.xml:14:22-77
20    <uses-permission android:name="android.permission.RECORD_AUDIO" />
20-->src/main/AndroidManifest.xml:15:5-71
20-->src/main/AndroidManifest.xml:15:22-68
21    <uses-permission android:name="android.permission.BLUETOOTH" />
21-->src/main/AndroidManifest.xml:16:5-68
21-->src/main/AndroidManifest.xml:16:22-65
22    <uses-permission android:name="android.permission.INTERNET" />
22-->src/main/AndroidManifest.xml:17:5-67
22-->src/main/AndroidManifest.xml:17:22-64
23    <uses-permission android:name="android.permission.WRITE_EXTERNAL_STORAGE" />
23-->src/main/AndroidManifest.xml:18:5-80
23-->src/main/AndroidManifest.xml:18:22-78
24    <uses-permission android:name="android.permission.ACCESS_NETWORK_STATE" />
24-->src/main/AndroidManifest.xml:19:5-79
24-->src/main/AndroidManifest.xml:19:22-76
25    <uses-permission android:name="android.permission.WAKE_LOCK" />
25-->[com.google.firebase:firebase-measurement-connector-impl:16.0.1] AndroidManifest.xml:24:5-68
25-->[com.google.firebase:firebase-measurement-connector-impl:16.0.1] AndroidManifest.xml:24:22-65
26    <uses-permission android:name="com.google.android.finsky.permission.BIND_GET_INSTALL_REFERRER_SERVICE" /> <!-- Required by older versions of Google Play services to create IID tokens -->
26-->[com.google.firebase:firebase-analytics:16.0.1] AndroidManifest.xml:26:5-110
26-->[com.google.firebase:firebase-analytics:16.0.1] AndroidManifest.xml:26:22-107
27    <uses-permission android:name="com.google.android.c2dm.permission.RECEIVE" />
27-->[com.google.firebase:firebase-iid:16.0.0] AndroidManifest.xml:26:5-82
27-->[com.google.firebase:firebase-iid:16.0.0] AndroidManifest.xml:26:22-79
28
29    <permission
29-->[com.google.firebase:firebase-iid:16.0.0] AndroidManifest.xml:28:5-30:47
30        android:name="com.knu.videotest.permission.C2D_MESSAGE"
30-->[com.google.firebase:firebase-iid:16.0.0] AndroidManifest.xml:29:9-63
31        android:protectionLevel="signature" />
31-->[com.google.firebase:firebase-iid:16.0.0] AndroidManifest.xml:30:9-44
32
33    <uses-permission android:name="com.knu.videotest.permission.C2D_MESSAGE" /> <!-- This is a test application that should always be debuggable. -->
33-->[com.google.firebase:firebase-iid:16.0.0] AndroidManifest.xml:32:5-79
33-->[com.google.firebase:firebase-iid:16.0.0] AndroidManifest.xml:32:22-76
34    <application
34-->src/main/AndroidManifest.xml:22:5-58:19
35        android:allowBackup="false"
35-->src/main/AndroidManifest.xml:24:9-36
36        android:appComponentFactory="androidx.core.app.CoreComponentFactory"
36-->[androidx.core:core:1.3.1] AndroidManifest.xml:24:18-86
37        android:debuggable="true"
37-->src/main/AndroidManifest.xml:25:9-34
38        android:extractNativeLibs="false"
39        android:icon="@drawable/ic_launcher"
39-->src/main/AndroidManifest.xml:23:9-45
40        android:label="@string/app_name"
40-->src/main/AndroidManifest.xml:22:18-50
41        android:supportsRtl="false"
41-->src/main/AndroidManifest.xml:26:9-36
42        android:testOnly="true" >
43        <activity
43-->src/main/AndroidManifest.xml:29:9-45:20
44            android:name="com.knu.videotest.ConnectActivity"
44-->src/main/AndroidManifest.xml:29:19-49
45            android:label="@string/app_name"
45-->src/main/AndroidManifest.xml:30:13-45
46            android:theme="@style/AppTheme"
46-->src/main/AndroidManifest.xml:32:13-44
47            android:windowSoftInputMode="adjustPan" >
47-->src/main/AndroidManifest.xml:31:13-52
48            <intent-filter>
48-->src/main/AndroidManifest.xml:33:13-36:29
49                <action android:name="android.intent.action.MAIN" />
49-->src/main/AndroidManifest.xml:34:17-68
49-->src/main/AndroidManifest.xml:34:25-66
50
51                <category android:name="android.intent.category.LAUNCHER" />
51-->src/main/AndroidManifest.xml:35:17-76
51-->src/main/AndroidManifest.xml:35:27-74
52            </intent-filter>
53            <intent-filter>
53-->src/main/AndroidManifest.xml:38:13-44:29
54                <action android:name="android.intent.action.VIEW" />
54-->src/main/AndroidManifest.xml:39:17-68
54-->src/main/AndroidManifest.xml:39:25-66
55
56                <category android:name="android.intent.category.DEFAULT" />
56-->src/main/AndroidManifest.xml:40:17-75
56-->src/main/AndroidManifest.xml:40:27-73
57                <category android:name="android.intent.category.BROWSABLE" />
57-->src/main/AndroidManifest.xml:41:17-77
57-->src/main/AndroidManifest.xml:41:27-75
58
59                <data
59-->src/main/AndroidManifest.xml:42:17-70
60                    android:host="appr.tc"
60-->src/main/AndroidManifest.xml:42:46-68
61                    android:scheme="https" />
61-->src/main/AndroidManifest.xml:42:23-45
62                <data
62-->src/main/AndroidManifest.xml:42:17-70
63                    android:host="appr.tc"
63-->src/main/AndroidManifest.xml:42:46-68
64                    android:scheme="http" />
64-->src/main/AndroidManifest.xml:42:23-45
65            </intent-filter>
66        </activity>
67        <activity
67-->src/main/AndroidManifest.xml:47:9-50:20
68            android:name="com.knu.videotest.SettingsActivity"
68-->src/main/AndroidManifest.xml:47:19-50
69            android:label="@string/settings_name"
69-->src/main/AndroidManifest.xml:48:13-50
70            android:theme="@style/AppTheme" >
70-->src/main/AndroidManifest.xml:49:13-44
71        </activity>
72        <activity
72-->src/main/AndroidManifest.xml:52:9-57:20
73            android:name="com.knu.videotest.CallActivity"
73-->src/main/AndroidManifest.xml:52:19-46
74            android:configChanges="orientation|smallestScreenSize|screenSize|screenLayout"
74-->src/main/AndroidManifest.xml:55:13-91
75            android:label="@string/app_name"
75-->src/main/AndroidManifest.xml:53:13-45
76            android:screenOrientation="fullUser"
76-->src/main/AndroidManifest.xml:54:13-49
77            android:theme="@style/CallActivityTheme" >
77-->src/main/AndroidManifest.xml:56:13-53
78        </activity>
79
80        <service android:name="com.google.firebase.components.ComponentDiscoveryService" >
80-->[com.google.firebase:firebase-measurement-connector-impl:16.0.1] AndroidManifest.xml:27:9-31:19
80-->[com.google.firebase:firebase-measurement-connector-impl:16.0.1] AndroidManifest.xml:27:18-89
81            <meta-data
81-->[com.google.firebase:firebase-measurement-connector-impl:16.0.1] AndroidManifest.xml:28:13-30:85
82                android:name="com.google.firebase.components:com.google.firebase.analytics.connector.internal.AnalyticsConnectorRegistrar"
82-->[com.google.firebase:firebase-measurement-connector-impl:16.0.1] AndroidManifest.xml:29:17-139
83                android:value="com.google.firebase.components.ComponentRegistrar" />
83-->[com.google.firebase:firebase-measurement-connector-impl:16.0.1] AndroidManifest.xml:30:17-82
84            <meta-data
84-->[com.google.firebase:firebase-iid:16.0.0] AndroidManifest.xml:36:13-38:85
85                android:name="com.google.firebase.components:com.google.firebase.iid.Registrar"
85-->[com.google.firebase:firebase-iid:16.0.0] AndroidManifest.xml:37:17-96
86                android:value="com.google.firebase.components.ComponentRegistrar" />
86-->[com.google.firebase:firebase-iid:16.0.0] AndroidManifest.xml:38:17-82
87        </service>
88
89        <receiver
89-->[com.google.firebase:firebase-analytics:16.0.1] AndroidManifest.xml:29:9-33:20
90            android:name="com.google.android.gms.measurement.AppMeasurementReceiver"
90-->[com.google.firebase:firebase-analytics:16.0.1] AndroidManifest.xml:30:13-85
91            android:enabled="true"
91-->[com.google.firebase:firebase-analytics:16.0.1] AndroidManifest.xml:31:13-35
92            android:exported="false" >
92-->[com.google.firebase:firebase-analytics:16.0.1] AndroidManifest.xml:32:13-37
93        </receiver>
94        <receiver
94-->[com.google.firebase:firebase-analytics:16.0.1] AndroidManifest.xml:34:9-42:20
95            android:name="com.google.android.gms.measurement.AppMeasurementInstallReferrerReceiver"
95-->[com.google.firebase:firebase-analytics:16.0.1] AndroidManifest.xml:35:13-100
96            android:enabled="true"
96-->[com.google.firebase:firebase-analytics:16.0.1] AndroidManifest.xml:36:13-35
97            android:exported="true"
97-->[com.google.firebase:firebase-analytics:16.0.1] AndroidManifest.xml:37:13-36
98            android:permission="android.permission.INSTALL_PACKAGES" >
98-->[com.google.firebase:firebase-analytics:16.0.1] AndroidManifest.xml:38:13-69
99            <intent-filter>
99-->[com.google.firebase:firebase-analytics:16.0.1] AndroidManifest.xml:39:13-41:29
100                <action android:name="com.android.vending.INSTALL_REFERRER" />
100-->[com.google.firebase:firebase-analytics:16.0.1] AndroidManifest.xml:40:17-79
100-->[com.google.firebase:firebase-analytics:16.0.1] AndroidManifest.xml:40:25-76
101            </intent-filter>
102        </receiver>
103
104        <service
104-->[com.google.firebase:firebase-analytics:16.0.1] AndroidManifest.xml:44:9-47:40
105            android:name="com.google.android.gms.measurement.AppMeasurementService"
105-->[com.google.firebase:firebase-analytics:16.0.1] AndroidManifest.xml:45:13-84
106            android:enabled="true"
106-->[com.google.firebase:firebase-analytics:16.0.1] AndroidManifest.xml:46:13-35
107            android:exported="false" />
107-->[com.google.firebase:firebase-analytics:16.0.1] AndroidManifest.xml:47:13-37
108        <service
108-->[com.google.firebase:firebase-analytics:16.0.1] AndroidManifest.xml:48:9-52:72
109            android:name="com.google.android.gms.measurement.AppMeasurementJobService"
109-->[com.google.firebase:firebase-analytics:16.0.1] AndroidManifest.xml:49:13-87
110            android:enabled="true"
110-->[com.google.firebase:firebase-analytics:16.0.1] AndroidManifest.xml:50:13-35
111            android:exported="false"
111-->[com.google.firebase:firebase-analytics:16.0.1] AndroidManifest.xml:51:13-37
112            android:permission="android.permission.BIND_JOB_SERVICE" />
112-->[com.google.firebase:firebase-analytics:16.0.1] AndroidManifest.xml:52:13-69
113
114        <receiver
114-->[com.google.firebase:firebase-iid:16.0.0] AndroidManifest.xml:41:9-50:20
115            android:name="com.google.firebase.iid.FirebaseInstanceIdReceiver"
115-->[com.google.firebase:firebase-iid:16.0.0] AndroidManifest.xml:42:13-78
116            android:exported="true"
116-->[com.google.firebase:firebase-iid:16.0.0] AndroidManifest.xml:43:13-36
117            android:permission="com.google.android.c2dm.permission.SEND" >
117-->[com.google.firebase:firebase-iid:16.0.0] AndroidManifest.xml:44:13-73
118            <intent-filter>
118-->[com.google.firebase:firebase-iid:16.0.0] AndroidManifest.xml:45:13-49:29
119                <action android:name="com.google.android.c2dm.intent.RECEIVE" />
119-->[com.google.firebase:firebase-iid:16.0.0] AndroidManifest.xml:46:17-81
119-->[com.google.firebase:firebase-iid:16.0.0] AndroidManifest.xml:46:25-78
120
121                <category android:name="com.knu.videotest" />
121-->[com.google.firebase:firebase-iid:16.0.0] AndroidManifest.xml:48:17-61
121-->[com.google.firebase:firebase-iid:16.0.0] AndroidManifest.xml:48:27-58
122            </intent-filter>
123        </receiver>
124        <!--
125             FirebaseInstanceIdService performs security checks at runtime,
126             no need for explicit permissions despite exported="true"
127        -->
128        <service
128-->[com.google.firebase:firebase-iid:16.0.0] AndroidManifest.xml:56:9-62:19
129            android:name="com.google.firebase.iid.FirebaseInstanceIdService"
129-->[com.google.firebase:firebase-iid:16.0.0] AndroidManifest.xml:57:13-77
130            android:exported="true" >
130-->[com.google.firebase:firebase-iid:16.0.0] AndroidManifest.xml:58:13-36
131            <intent-filter android:priority="-500" >
131-->[com.google.firebase:firebase-iid:16.0.0] AndroidManifest.xml:59:13-61:29
131-->[com.google.firebase:firebase-iid:16.0.0] AndroidManifest.xml:59:28-51
132                <action android:name="com.google.firebase.INSTANCE_ID_EVENT" />
132-->[com.google.firebase:firebase-iid:16.0.0] AndroidManifest.xml:60:17-80
132-->[com.google.firebase:firebase-iid:16.0.0] AndroidManifest.xml:60:25-77
133            </intent-filter>
134        </service>
135
136        <provider
136-->[com.google.firebase:firebase-common:16.0.0] AndroidManifest.xml:9:9-13:39
137            android:name="com.google.firebase.provider.FirebaseInitProvider"
137-->[com.google.firebase:firebase-common:16.0.0] AndroidManifest.xml:10:13-77
138            android:authorities="com.knu.videotest.firebaseinitprovider"
138-->[com.google.firebase:firebase-common:16.0.0] AndroidManifest.xml:11:13-72
139            android:exported="false"
139-->[com.google.firebase:firebase-common:16.0.0] AndroidManifest.xml:12:13-37
140            android:initOrder="100" />
140-->[com.google.firebase:firebase-common:16.0.0] AndroidManifest.xml:13:13-36
141
142        <activity
142-->[com.google.android.gms:play-services-base:15.0.1] AndroidManifest.xml:23:9-26:75
143            android:name="com.google.android.gms.common.api.GoogleApiActivity"
143-->[com.google.android.gms:play-services-base:15.0.1] AndroidManifest.xml:24:13-79
144            android:exported="false"
144-->[com.google.android.gms:play-services-base:15.0.1] AndroidManifest.xml:25:13-37
145            android:theme="@android:style/Theme.Translucent.NoTitleBar" />
145-->[com.google.android.gms:play-services-base:15.0.1] AndroidManifest.xml:26:13-72
146
147        <meta-data
147-->[com.google.android.gms:play-services-basement:15.0.1] AndroidManifest.xml:23:9-25:69
148            android:name="com.google.android.gms.version"
148-->[com.google.android.gms:play-services-basement:15.0.1] AndroidManifest.xml:24:13-58
149            android:value="@integer/google_play_services_version" />
149-->[com.google.android.gms:play-services-basement:15.0.1] AndroidManifest.xml:25:13-66
150    </application>
151
152</manifest>